INFO:root:loading  http://zakupki.gov.ru/223/purchase/public/purchase/info/common-info.html?regNumber=31807061497
INFO:root:allRecords = 4500
INFO:root:Loading page #1
INFO:root:Saving page #1
INFO:root:Loading page #2
INFO:root:Saving page #2
INFO:root:Loading page #3
INFO:root:Saving page #3
INFO:root:Loading page #4
INFO:root:Saving page #4
INFO:root:Loading page #5
INFO:root:Saving page #5
INFO:root:Loading page #6
INFO:root:Saving page #6
INFO:root:Loading page #7
INFO:root:Saving page #7
INFO:root:Loading page #8
INFO:root:Saving page #8
INFO:root:Loading page #9
INFO:root:Saving page #9
INFO:root:Loading page #10
INFO:root:Saving page #10
INFO:root:Openning dir data/вшэ/search/page_%s.html
INFO:root:Gathering #31907787979 lot' data
INFO:root:02-protocol
INFO:root:Loading http://zakupki.gov.ru/223/purchase/public/print-form/show.html?pfid=35029969
INFO:root:Parsed 31907787979 page
INFO:root:Gathering #31907809971 lot' data
INFO:root:02-protocol
INFO:root:Loading http://zakupki.gov.ru/223/purchase/public/print-form/show.html?pfid=35026363
INFO:root:Parsed 31907809971 page
INFO:root:Gathering #31907817897 lot' data
INFO:root:02-protocol
INFO:root:Loading http://zakupki.gov.ru/223/purchase/public/print-form/show.html?pfid=35002835
INFO:root:Parsed 31907817897 page
INFO:root:Gathering #31907817867 lot' data
INFO:root:02-protocol
INFO:root:Loading http://zakupki.gov.ru/223/purchase/public/print-form/show.html?pfid=34997979
INFO:root:Parsed 31907817867 page
INFO:root:Gathering #31907842760 lot' data
INFO:root:01-protocol
INFO:root:Loading http://zakupki.gov.ru/223/purchase/public/print-form/show.html?pfid=34819389
INFO:root:Parsed 31907842760 page
INFO:root:Gathering #31907789054 lot' data
INFO:root:02-protocol
INFO:root:Loading http://zakupki.gov.ru/223/purchase/public/print-form/show.html?pfid=34806604
INFO:root:Parsed 31907789054 page
INFO:root:Gathering #31907788906 lot' data
INFO:root:02-protocol
INFO:root:Loading http://zakupki.gov.ru/223/purchase/public/print-form/show.html?pfid=34806020
INFO:root:Parsed 31907788906 page
INFO:root:Gathering #31907837690 lot' data
INFO:root:01-protocol
INFO:root:Loading http://zakupki.gov.ru/223/purchase/public/print-form/show.html?pfid=34803111
INFO:root:Parsed 31907837690 page
INFO:root:Gathering #31907786321 lot' data
INFO:root:02-protocol
INFO:root:Loading http://zakupki.gov.ru/223/purchase/public/print-form/show.html?pfid=34802577
INFO:root:Parsed 31907786321 page
INFO:root:Gathering #31907762934 lot' data
INFO:root:03-protocol
INFO:root:Loading http://zakupki.gov.ru/223/purchase/public/print-form/show.html?pfid=34782419
INFO:root:Parsed 31907762934 page
INFO:root:Gathering #31907781493 lot' data
INFO:root:02-protocol
INFO:root:Loading http://zakupki.gov.ru/223/purchase/public/print-form/show.html?pfid=34777696
INFO:root:Parsed 31907781493 page
INFO:root:Gathering #31907824135 lot' data
INFO:root:01-protocol
INFO:root:Loading http://zakupki.gov.ru/223/purchase/public/print-form/show.html?pfid=34742459
INFO:root:Parsed 31907824135 page
INFO:root:Gathering #31907759085 lot' data
INFO:root:02-protocol
INFO:root:Loading http://zakupki.gov.ru/223/purchase/public/print-form/show.html?pfid=34736157
INFO:root:Parsed 31907759085 page
INFO:root:Gathering #31907771507 lot' data
INFO:root:02-protocol
INFO:root:Loading http://zakupki.gov.ru/223/purchase/public/print-form/show.html?pfid=34734581
INFO:root:Parsed 31907771507 page
INFO:root:Gathering #31907763036 lot' data
INFO:root:03-protocol
INFO:root:Loading http://zakupki.gov.ru/223/purchase/public/print-form/show.html?pfid=34714088
INFO:root:Parsed 31907763036 page
INFO:root:Gathering #31907782150 lot' data
INFO:root:02-protocol
INFO:root:Loading http://zakupki.gov.ru/223/purchase/public/print-form/show.html?pfid=34775505
INFO:root:Parsed 31907782150 page
INFO:root:Gathering #31907813874 lot' data
INFO:root:01-protocol
INFO:root:Loading http://zakupki.gov.ru/223/purchase/public/print-form/show.html?pfid=34697310
INFO:root:Parsed 31907813874 page
INFO:root:Gathering #31907759087 lot' data
INFO:root:01-protocol
INFO:root:Loading http://zakupki.gov.ru/223/purchase/public/print-form/show.html?pfid=34683496
INFO:root:Parsed 31907759087 page
INFO:root:Gathering #31907717315 lot' data
INFO:root:02-protocol
INFO:root:Loading http://zakupki.gov.ru/223/purchase/public/print-form/show.html?pfid=34468356
INFO:root:Parsed 31907717315 page
INFO:root:Gathering #31907710624 lot' data
INFO:root:02-protocol
INFO:root:Loading http://zakupki.gov.ru/223/purchase/public/print-form/show.html?pfid=34468219
INFO:root:Parsed 31907710624 page
INFO:root:Gathering #31907622424 lot' data
INFO:root:03-protocol
INFO:root:Loading http://zakupki.gov.ru/223/purchase/public/print-form/show.html?pfid=33938486
INFO:root:Parsed 31907622424 page
INFO:root:Gathering #31907731725 lot' data
INFO:root:02-protocol
INFO:root:Loading http://zakupki.gov.ru/223/purchase/public/print-form/show.html?pfid=34662470
INFO:root:Parsed 31907731725 page
INFO:root:Gathering #31907711633 lot' data
INFO:root:04-protocol
INFO:root:Loading http://zakupki.gov.ru/223/purchase/public/print-form/show.html?pfid=34470882
INFO:root:Parsed 31907711633 page
INFO:root:Gathering #31907702120 lot' data
INFO:root:02-protocol
INFO:root:Loading http://zakupki.gov.ru/223/purchase/public/print-form/show.html?pfid=34420421
INFO:root:Parsed 31907702120 page
INFO:root:Gathering #31907777345 lot' data
INFO:root:02-protocol
INFO:root:Loading http://zakupki.gov.ru/223/purchase/public/print-form/show.html?pfid=34752044
INFO:root:loading  http://zakupki.gov.ru/223/purchase/public/purchase/info/common-info.html?regNumber=31807061497
INFO:root:Openning dir data/вшэ/search/page_%s.html
INFO:root:Gathering #31907787979 lot' data
INFO:root:02-protocol
INFO:root:Loading http://zakupki.gov.ru/223/purchase/public/print-form/show.html?pfid=35029969
INFO:root:Parsed 31907787979 page
INFO:root:Gathering #31907809971 lot' data
INFO:root:02-protocol
INFO:root:Loading http://zakupki.gov.ru/223/purchase/public/print-form/show.html?pfid=35026363
INFO:root:Parsed 31907809971 page
INFO:root:Gathering #31907817897 lot' data
INFO:root:02-protocol
INFO:root:Loading http://zakupki.gov.ru/223/purchase/public/print-form/show.html?pfid=35002835
INFO:root:Parsed 31907817897 page
INFO:root:Gathering #31907817867 lot' data
INFO:root:02-protocol
INFO:root:Loading http://zakupki.gov.ru/223/purchase/public/print-form/show.html?pfid=34997979
INFO:root:Parsed 31907817867 page
INFO:root:Gathering #31907842760 lot' data
INFO:root:01-protocol
INFO:root:Loading http://zakupki.gov.ru/223/purchase/public/print-form/show.html?pfid=34819389
INFO:root:Parsed 31907842760 page
INFO:root:Gathering #31907789054 lot' data
INFO:root:02-protocol
INFO:root:Loading http://zakupki.gov.ru/223/purchase/public/print-form/show.html?pfid=34806604
INFO:root:Parsed 31907789054 page
INFO:root:Gathering #31907788906 lot' data
INFO:root:02-protocol
INFO:root:Loading http://zakupki.gov.ru/223/purchase/public/print-form/show.html?pfid=34806020
INFO:root:Parsed 31907788906 page
INFO:root:Gathering #31907837690 lot' data
INFO:root:01-protocol
INFO:root:Loading http://zakupki.gov.ru/223/purchase/public/print-form/show.html?pfid=34803111
INFO:root:Parsed 31907837690 page
INFO:root:Gathering #31907786321 lot' data
INFO:root:02-protocol
INFO:root:Loading http://zakupki.gov.ru/223/purchase/public/print-form/show.html?pfid=34802577
INFO:root:Parsed 31907786321 page
INFO:root:Gathering #31907762934 lot' data
INFO:root:03-protocol
INFO:root:Loading http://zakupki.gov.ru/223/purchase/public/print-form/show.html?pfid=34782419
INFO:root:Parsed 31907762934 page
INFO:root:Gathering #31907781493 lot' data
INFO:root:02-protocol
INFO:root:Loading http://zakupki.gov.ru/223/purchase/public/print-form/show.html?pfid=34777696
INFO:root:Parsed 31907781493 page
INFO:root:Gathering #31907824135 lot' data
INFO:root:01-protocol
INFO:root:Loading http://zakupki.gov.ru/223/purchase/public/print-form/show.html?pfid=34742459
INFO:root:Parsed 31907824135 page
INFO:root:Gathering #31907759085 lot' data
INFO:root:02-protocol
INFO:root:Loading http://zakupki.gov.ru/223/purchase/public/print-form/show.html?pfid=34736157
INFO:root:Parsed 31907759085 page
INFO:root:Gathering #31907771507 lot' data
INFO:root:02-protocol
INFO:root:Loading http://zakupki.gov.ru/223/purchase/public/print-form/show.html?pfid=34734581
INFO:root:Parsed 31907771507 page
INFO:root:Gathering #31907763036 lot' data
INFO:root:03-protocol
INFO:root:Loading http://zakupki.gov.ru/223/purchase/public/print-form/show.html?pfid=34714088
INFO:root:Parsed 31907763036 page
INFO:root:Gathering #31907782150 lot' data
INFO:root:02-protocol
INFO:root:Loading http://zakupki.gov.ru/223/purchase/public/print-form/show.html?pfid=34775505
INFO:root:Parsed 31907782150 page
INFO:root:Gathering #31907813874 lot' data
INFO:root:01-protocol
INFO:root:Loading http://zakupki.gov.ru/223/purchase/public/print-form/show.html?pfid=34697310
INFO:root:Parsed 31907813874 page
INFO:root:Gathering #31907759087 lot' data
INFO:root:01-protocol
INFO:root:Loading http://zakupki.gov.ru/223/purchase/public/print-form/show.html?pfid=34683496
INFO:root:Parsed 31907759087 page
INFO:root:Gathering #31907717315 lot' data
INFO:root:02-protocol
INFO:root:Loading http://zakupki.gov.ru/223/purchase/public/print-form/show.html?pfid=34468356
INFO:root:Parsed 31907717315 page
INFO:root:Gathering #31907710624 lot' data
INFO:root:02-protocol
INFO:root:Loading http://zakupki.gov.ru/223/purchase/public/print-form/show.html?pfid=34468219
INFO:root:Parsed 31907710624 page
INFO:root:Gathering #31907622424 lot' data
INFO:root:03-protocol
INFO:root:Loading http://zakupki.gov.ru/223/purchase/public/print-form/show.html?pfid=33938486
INFO:root:Parsed 31907622424 page
INFO:root:Gathering #31907731725 lot' data
INFO:root:02-protocol
INFO:root:Loading http://zakupki.gov.ru/223/purchase/public/print-form/show.html?pfid=34662470
INFO:root:Parsed 31907731725 page
INFO:root:Gathering #31907711633 lot' data
INFO:root:04-protocol
INFO:root:Loading http://zakupki.gov.ru/223/purchase/public/print-form/show.html?pfid=34470882
INFO:root:Parsed 31907711633 page
INFO:root:Gathering #31907702120 lot' data
INFO:root:02-protocol
INFO:root:Loading http://zakupki.gov.ru/223/purchase/public/print-form/show.html?pfid=34420421
INFO:root:Parsed 31907702120 page
INFO:root:Gathering #31907777345 lot' data
INFO:root:02-protocol
INFO:root:Loading http://zakupki.gov.ru/223/purchase/public/print-form/show.html?pfid=34752044
INFO:root:Parsed 31907777345 page
INFO:root:Gathering #31907801255 lot' data
INFO:root:01-protocol
INFO:root:Loading http://zakupki.gov.ru/223/purchase/public/print-form/show.html?pfid=34643741
INFO:root:Parsed 31907801255 page
INFO:root:Gathering #31907749770 lot' data
INFO:root:02-protocol
INFO:root:Loading http://zakupki.gov.ru/223/purchase/public/print-form/show.html?pfid=34640869
INFO:root:Parsed 31907749770 page
INFO:root:Gathering #31907767646 lot' data
INFO:root:02-protocol
INFO:root:Loading http://zakupki.gov.ru/223/purchase/public/print-form/show.html?pfid=34735384
INFO:root:Parsed 31907767646 page
INFO:root:Gathering #31907771435 lot' data
INFO:root:02-protocol
INFO:root:Loading http://zakupki.gov.ru/223/purchase/public/print-form/show.html?pfid=34735209
INFO:root:Parsed 31907771435 page
INFO:root:Gathering #31907709984 lot' data
INFO:root:02-protocol
INFO:root:Loading http://zakupki.gov.ru/223/purchase/public/print-form/show.html?pfid=34612135
INFO:root:Parsed 31907709984 page
INFO:root:Gathering #31907632501 lot' data
INFO:root:02-protocol
INFO:root:Loading http://zakupki.gov.ru/223/purchase/public/print-form/show.html?pfid=34605630
INFO:root:Parsed 31907632501 page
INFO:root:Gathering #31907751852 lot' data
INFO:root:03-protocol
INFO:root:Loading http://zakupki.gov.ru/223/purchase/public/print-form/show.html?pfid=34599779
INFO:root:Parsed 31907751852 page
INFO:root:Gathering #31907748205 lot' data
INFO:root:03-protocol
INFO:root:Loading http://zakupki.gov.ru/223/purchase/public/print-form/show.html?pfid=34583010
INFO:root:Parsed 31907748205 page
INFO:root:Gathering #31907748210 lot' data
INFO:root:03-protocol
INFO:root:Loading http://zakupki.gov.ru/223/purchase/public/print-form/show.html?pfid=34581687
INFO:root:Parsed 31907748210 page
INFO:root:Gathering #31907738438 lot' data
INFO:root:02-protocol
INFO:root:Loading http://zakupki.gov.ru/223/purchase/public/print-form/show.html?pfid=34579001
INFO:root:Parsed 31907738438 page
INFO:root:Gathering #31907756438 lot' data
INFO:root:02-protocol
INFO:root:Loading http://zakupki.gov.ru/223/purchase/public/print-form/show.html?pfid=34696007
INFO:root:Parsed 31907756438 page
INFO:root:Gathering #31907756443 lot' data
INFO:root:02-protocol
INFO:root:Loading http://zakupki.gov.ru/223/purchase/public/print-form/show.html?pfid=34693087
INFO:root:Parsed 31907756443 page
INFO:root:Gathering #31907715419 lot' data
INFO:root:03-protocol
INFO:root:Loading http://zakupki.gov.ru/223/purchase/public/print-form/show.html?pfid=34549485
INFO:root:Parsed 31907715419 page
INFO:root:Gathering #31907781082 lot' data
INFO:root:01-protocol
INFO:root:Loading http://zakupki.gov.ru/223/purchase/public/print-form/show.html?pfid=34548690
INFO:root:Parsed 31907781082 page
INFO:root:Gathering #31907722008 lot' data
INFO:root:02-protocol
INFO:root:Loading http://zakupki.gov.ru/223/purchase/public/print-form/show.html?pfid=34528521
INFO:root:Parsed 31907722008 page
INFO:root:Gathering #31907776826 lot' data
INFO:root:01-protocol
INFO:root:Loading http://zakupki.gov.ru/223/purchase/public/print-form/show.html?pfid=34527571
INFO:root:Parsed 31907776826 page
INFO:root:Gathering #31907690346 lot' data
INFO:root:02-protocol
INFO:root:Loading http://zakupki.gov.ru/223/purchase/public/print-form/show.html?pfid=34239603
INFO:root:Parsed 31907690346 page
INFO:root:Gathering #31907701494 lot' data
INFO:root:02-protocol
INFO:root:Loading http://zakupki.gov.ru/223/purchase/public/print-form/show.html?pfid=34524129
INFO:root:Parsed 31907701494 page
INFO:root:Gathering #31907653084 lot' data
INFO:root:02-protocol
INFO:root:Loading http://zakupki.gov.ru/223/purchase/public/print-form/show.html?pfid=34126027
INFO:root:Parsed 31907653084 page
INFO:root:Gathering #31907714045 lot' data
INFO:root:02-protocol
INFO:root:Loading http://zakupki.gov.ru/223/purchase/public/print-form/show.html?pfid=34455559
INFO:root:Parsed 31907714045 page
INFO:root:Gathering #31907732499 lot' data
INFO:root:01-protocol
INFO:root:Loading http://zakupki.gov.ru/223/purchase/public/print-form/show.html?pfid=34502845
INFO:root:Parsed 31907732499 page
INFO:root:Gathering #31907728666 lot' data
INFO:root:02-protocol
INFO:root:Loading http://zakupki.gov.ru/223/purchase/public/print-form/show.html?pfid=34497562
INFO:root:Parsed 31907728666 page
INFO:root:Gathering #31907721622 lot' data
INFO:root:02-protocol
INFO:root:Loading http://zakupki.gov.ru/223/purchase/public/print-form/show.html?pfid=34476120
INFO:root:Parsed 31907721622 page
INFO:root:Gathering #31907765274 lot' data
INFO:root:01-protocol
INFO:root:Loading http://zakupki.gov.ru/223/purchase/public/print-form/show.html?pfid=34474766
INFO:root:Parsed 31907765274 page
INFO:root:Gathering #31907717184 lot' data
INFO:root:04-protocol
INFO:root:Loading http://zakupki.gov.ru/223/purchase/public/print-form/show.html?pfid=34583225
INFO:root:Parsed 31907717184 page
INFO:root:Gathering #31907700981 lot' data
INFO:root:02-protocol
INFO:root:Loading http://zakupki.gov.ru/223/purchase/public/print-form/show.html?pfid=34447239
INFO:root:Parsed 31907700981 page
INFO:root:Gathering #31907698284 lot' data
INFO:root:02-protocol
INFO:root:Loading http://zakupki.gov.ru/223/purchase/public/print-form/show.html?pfid=34411920
INFO:root:Parsed 31907698284 page
INFO:root:Gathering #31907657243 lot' data
INFO:root:03-protocol
INFO:root:Loading http://zakupki.gov.ru/223/purchase/public/print-form/show.html?pfid=34141474
INFO:root:Parsed 31907657243 page
INFO:root:Gathering #31907644478 lot' data
INFO:root:02-protocol
INFO:root:Loading http://zakupki.gov.ru/223/purchase/public/print-form/show.html?pfid=34046387
INFO:root:Parsed 31907644478 page
INFO:root:Gathering #31907626611 lot' data
INFO:root:02-protocol
INFO:root:Loading http://zakupki.gov.ru/223/purchase/public/print-form/show.html?pfid=34312462
INFO:root:Parsed 31907626611 page
INFO:root:Gathering #31907738477 lot' data
INFO:root:01-protocol
INFO:root:Loading http://zakupki.gov.ru/223/purchase/public/print-form/show.html?pfid=34278552
INFO:root:Parsed 31907738477 page
INFO:root:Gathering #31907689385 lot' data
INFO:root:02-protocol
INFO:root:Loading http://zakupki.gov.ru/223/purchase/public/print-form/show.html?pfid=34241715
INFO:root:Parsed 31907689385 page
INFO:root:Gathering #31907689333 lot' data
INFO:root:02-protocol
INFO:root:Loading http://zakupki.gov.ru/223/purchase/public/print-form/show.html?pfid=34242420
INFO:root:Parsed 31907689333 page
INFO:root:Gathering #31907681680 lot' data
INFO:root:02-protocol
INFO:root:Loading http://zakupki.gov.ru/223/purchase/public/print-form/show.html?pfid=34255140
INFO:root:Parsed 31907681680 page
INFO:root:Gathering #31907614784 lot' data
INFO:root:02-protocol
INFO:root:Loading http://zakupki.gov.ru/223/purchase/public/print-form/show.html?pfid=33916140
INFO:root:Parsed 31907614784 page
INFO:root:Gathering #31907663599 lot' data
INFO:root:02-protocol
INFO:root:Loading http://zakupki.gov.ru/223/purchase/public/print-form/show.html?pfid=34194346
INFO:root:Parsed 31907663599 page
INFO:root:Gathering #31907632069 lot' data
INFO:root:02-protocol
INFO:root:Loading http://zakupki.gov.ru/223/purchase/public/print-form/show.html?pfid=34176864
INFO:root:Parsed 31907632069 page
INFO:root:Gathering #31907619124 lot' data
INFO:root:02-protocol
INFO:root:Loading http://zakupki.gov.ru/223/purchase/public/print-form/show.html?pfid=34020031
INFO:root:Parsed 31907619124 page
INFO:root:Gathering #31907626374 lot' data
INFO:root:02-protocol
INFO:root:Loading http://zakupki.gov.ru/223/purchase/public/print-form/show.html?pfid=33942581
INFO:root:Parsed 31907626374 page
INFO:root:Gathering #31907619295 lot' data
INFO:root:03-protocol
INFO:root:Loading http://zakupki.gov.ru/223/purchase/public/print-form/show.html?pfid=34010189
INFO:root:Parsed 31907619295 page
INFO:root:Gathering #31907619047 lot' data
INFO:root:03-protocol
INFO:root:Loading http://zakupki.gov.ru/223/purchase/public/print-form/show.html?pfid=34010219
INFO:root:Parsed 31907619047 page
INFO:root:Gathering #31907714117 lot' data
INFO:root:01-protocol
INFO:root:Loading http://zakupki.gov.ru/223/purchase/public/print-form/show.html?pfid=34128845
INFO:root:Parsed 31907714117 page
INFO:root:Gathering #31907702528 lot' data
INFO:root:01-protocol
INFO:root:Loading http://zakupki.gov.ru/223/purchase/public/print-form/show.html?pfid=34076415
INFO:root:Parsed 31907702528 page
INFO:root:Gathering #31907648279 lot' data
INFO:root:02-protocol
INFO:root:Loading http://zakupki.gov.ru/223/purchase/public/print-form/show.html?pfid=34073080
INFO:root:Parsed 31907648279 page
INFO:root:Gathering #31907648190 lot' data
INFO:root:02-protocol
INFO:root:Loading http://zakupki.gov.ru/223/purchase/public/print-form/show.html?pfid=34073041
INFO:root:Parsed 31907648190 page
INFO:root:Gathering #31907648102 lot' data
INFO:root:02-protocol
INFO:root:Loading http://zakupki.gov.ru/223/purchase/public/print-form/show.html?pfid=34072489
INFO:root:Parsed 31907648102 page
INFO:root:Gathering #31907640662 lot' data
INFO:root:02-protocol
INFO:root:Loading http://zakupki.gov.ru/223/purchase/public/print-form/show.html?pfid=34038327
INFO:root:Parsed 31907640662 page
INFO:root:Gathering #31907629856 lot' data
INFO:root:02-protocol
INFO:root:Loading http://zakupki.gov.ru/223/purchase/public/print-form/show.html?pfid=33997428
INFO:root:Parsed 31907629856 page
INFO:root:Gathering #31907631607 lot' data
INFO:root:02-protocol
INFO:root:Loading http://zakupki.gov.ru/223/purchase/public/print-form/show.html?pfid=33996770
INFO:root:Parsed 31907631607 page
INFO:root:Gathering #31907680841 lot' data
INFO:root:01-protocol
INFO:root:Loading http://zakupki.gov.ru/223/purchase/public/print-form/show.html?pfid=33990875
INFO:root:Parsed 31907680841 page
INFO:root:Gathering #31907678446 lot' data
INFO:root:01-protocol
INFO:root:Loading http://zakupki.gov.ru/223/purchase/public/print-form/show.html?pfid=33984605
INFO:root:Parsed 31907678446 page
INFO:root:Gathering #31907629668 lot' data
INFO:root:02-protocol
INFO:root:Loading http://zakupki.gov.ru/223/purchase/public/print-form/show.html?pfid=33966555
INFO:root:Parsed 31907629668 page
INFO:root:Gathering #31907626814 lot' data
INFO:root:02-protocol
INFO:root:Loading http://zakupki.gov.ru/223/purchase/public/print-form/show.html?pfid=33965071
INFO:root:Parsed 31907626814 page
INFO:root:Gathering #31907626707 lot' data
INFO:root:02-protocol
INFO:root:Loading http://zakupki.gov.ru/223/purchase/public/print-form/show.html?pfid=33965008
INFO:root:Parsed 31907626707 page
INFO:root:Gathering #31907569565 lot' data
INFO:root:02-protocol
INFO:root:Loading http://zakupki.gov.ru/223/purchase/public/print-form/show.html?pfid=33940585
INFO:root:Parsed 31907569565 page
INFO:root:Gathering #31907617743 lot' data
INFO:root:02-protocol
INFO:root:Loading http://zakupki.gov.ru/223/purchase/public/print-form/show.html?pfid=33911271
INFO:root:Parsed 31907617743 page
INFO:root:Gathering #31907617916 lot' data
INFO:root:02-protocol
INFO:root:Loading http://zakupki.gov.ru/223/purchase/public/print-form/show.html?pfid=33911226
INFO:root:Parsed 31907617916 page
INFO:root:Gathering #31907651422 lot' data
INFO:root:01-protocol
INFO:root:Loading http://zakupki.gov.ru/223/purchase/public/print-form/show.html?pfid=33865046
INFO:root:Parsed 31907651422 page
INFO:root:Gathering #31907651486 lot' data
INFO:root:01-protocol
INFO:root:Loading http://zakupki.gov.ru/223/purchase/public/print-form/show.html?pfid=33864970
INFO:root:Parsed 31907651486 page
INFO:root:Gathering #31907584210 lot' data
INFO:root:01-protocol
INFO:root:Loading http://zakupki.gov.ru/223/purchase/public/print-form/show.html?pfid=33753689
INFO:root:Parsed 31907584210 page
INFO:root:Gathering #31907584248 lot' data
INFO:root:03-protocol
INFO:root:Loading http://zakupki.gov.ru/223/purchase/public/print-form/show.html?pfid=33772322
INFO:root:Parsed 31907584248 page
INFO:root:Gathering #31907584215 lot' data
INFO:root:02-protocol
INFO:root:Loading http://zakupki.gov.ru/223/purchase/public/print-form/show.html?pfid=33784251
INFO:root:Parsed 31907584215 page
INFO:root:Gathering #31907584024 lot' data
INFO:root:03-protocol
INFO:root:Loading http://zakupki.gov.ru/223/purchase/public/print-form/show.html?pfid=33772366
INFO:root:Parsed 31907584024 page
INFO:root:Gathering #31907584092 lot' data
INFO:root:03-protocol
INFO:root:Loading http://zakupki.gov.ru/223/purchase/public/print-form/show.html?pfid=33799256
INFO:root:Parsed 31907584092 page
INFO:root:Gathering #31907584169 lot' data
INFO:root:02-protocol
INFO:root:Loading http://zakupki.gov.ru/223/purchase/public/print-form/show.html?pfid=33784193
INFO:root:Parsed 31907584169 page
INFO:root:Gathering #31907595727 lot' data
INFO:root:03-protocol
INFO:root:Loading http://zakupki.gov.ru/223/purchase/public/print-form/show.html?pfid=33836166
INFO:root:Parsed 31907595727 page
INFO:root:Gathering #31907607632 lot' data
INFO:root:02-protocol
INFO:root:Loading http://zakupki.gov.ru/223/purchase/public/print-form/show.html?pfid=33861729
INFO:root:Parsed 31907607632 page
INFO:root:Gathering #31907571069 lot' data
INFO:root:02-protocol
INFO:root:Loading http://zakupki.gov.ru/223/purchase/public/print-form/show.html?pfid=33837002
INFO:root:Parsed 31907571069 page
INFO:root:Gathering #31907599026 lot' data
INFO:root:02-protocol
INFO:root:Loading http://zakupki.gov.ru/223/purchase/public/print-form/show.html?pfid=33834987
INFO:root:Parsed 31907599026 page
INFO:root:Gathering #31907554461 lot' data
INFO:root:03-protocol
INFO:root:Loading http://zakupki.gov.ru/223/purchase/public/print-form/show.html?pfid=33527865
INFO:root:Parsed 31907554461 page
INFO:root:Gathering #31907535099 lot' data
INFO:root:04-protocol
INFO:root:Loading http://zakupki.gov.ru/223/purchase/public/print-form/show.html?pfid=33455484
INFO:root:Parsed 31907535099 page
INFO:root:Gathering #31907586809 lot' data
INFO:root:02-protocol
INFO:root:Loading http://zakupki.gov.ru/223/purchase/public/print-form/show.html?pfid=33794500
INFO:root:Parsed 31907586809 page
INFO:root:Gathering #31907581692 lot' data
INFO:root:02-protocol
INFO:root:Loading http://zakupki.gov.ru/223/purchase/public/print-form/show.html?pfid=33807085
INFO:root:Parsed 31907581692 page
INFO:root:Gathering #31907638899 lot' data
INFO:root:01-protocol
INFO:root:Loading http://zakupki.gov.ru/223/purchase/public/print-form/show.html?pfid=33804522
INFO:root:Parsed 31907638899 page
INFO:root:Gathering #31907576609 lot' data
INFO:root:02-protocol
INFO:root:Loading http://zakupki.gov.ru/223/purchase/public/print-form/show.html?pfid=33783446
INFO:root:Parsed 31907576609 page
INFO:root:loading  http://zakupki.gov.ru/223/purchase/public/purchase/info/common-info.html?regNumber=31807061497
INFO:root:31907787979
INFO:root:31907809971
INFO:root:31907817897
INFO:root:31907817867
INFO:root:31907842760
INFO:root:31907789054
INFO:root:31907788906
INFO:root:31907837690
INFO:root:31907786321
INFO:root:31907762934
INFO:root:31907781493
INFO:root:31907824135
INFO:root:31907759085
INFO:root:31907771507
INFO:root:31907763036
INFO:root:31907782150
INFO:root:31907813874
INFO:root:31907759087
INFO:root:31907717315
INFO:root:31907710624
INFO:root:31907622424
INFO:root:31907731725
INFO:root:31907711633
INFO:root:31907702120
INFO:root:31907777345
INFO:root:31907801255
INFO:root:31907749770
INFO:root:31907767646
INFO:root:31907771435
INFO:root:31907709984
INFO:root:31907632501
INFO:root:31907751852
INFO:root:31907748205
INFO:root:31907748210
INFO:root:31907738438
INFO:root:31907756438
INFO:root:31907756443
INFO:root:31907715419
INFO:root:31907781082
INFO:root:31907722008
INFO:root:31907776826
INFO:root:31907690346
INFO:root:31907701494
INFO:root:31907653084
INFO:root:31907714045
INFO:root:31907732499
INFO:root:31907728666
INFO:root:31907721622
INFO:root:31907765274
INFO:root:31907717184
INFO:root:31907700981
INFO:root:31907698284
INFO:root:31907657243
INFO:root:31907644478
INFO:root:31907626611
INFO:root:31907738477
INFO:root:31907689385
INFO:root:31907689333
INFO:root:31907681680
INFO:root:31907614784
INFO:root:31907663599
INFO:root:31907632069
INFO:root:31907619124
INFO:root:31907626374
INFO:root:31907619295
INFO:root:31907619047
INFO:root:31907714117
INFO:root:31907702528
INFO:root:31907648279
INFO:root:31907648190
INFO:root:31907648102
INFO:root:31907640662
INFO:root:31907629856
INFO:root:31907631607
INFO:root:31907680841
INFO:root:31907678446
INFO:root:31907629668
INFO:root:31907626814
INFO:root:31907626707
INFO:root:31907569565
INFO:root:31907617743
INFO:root:31907617916
INFO:root:31907651422
INFO:root:31907651486
INFO:root:31907584210
INFO:root:31907584248
INFO:root:31907584215
INFO:root:31907584024
INFO:root:31907584092
INFO:root:31907584169
INFO:root:31907595727
INFO:root:31907607632
INFO:root:31907571069
INFO:root:31907599026
INFO:root:31907554461
INFO:root:31907535099
INFO:root:31907586809
INFO:root:31907581692
INFO:root:31907638899
INFO:root:31907576609
INFO:root:loading  http://zakupki.gov.ru/223/purchase/public/purchase/info/common-info.html?regNumber=31807061497
INFO:root:allRecords = 4500
INFO:root:loading  http://zakupki.gov.ru/223/purchase/public/purchase/info/common-info.html?regNumber=31807061497
INFO:root:allRecords = 4500
INFO:root:31907787979
INFO:root:31907809971
INFO:root:31907817897
INFO:root:31907817867
INFO:root:31907842760
INFO:root:31907789054
INFO:root:31907788906
INFO:root:31907837690
INFO:root:31907786321
INFO:root:31907762934
INFO:root:31907781493
INFO:root:31907824135
INFO:root:31907759085
INFO:root:31907771507
INFO:root:31907763036
INFO:root:31907782150
INFO:root:31907813874
INFO:root:31907759087
INFO:root:31907717315
INFO:root:31907710624
INFO:root:31907622424
INFO:root:31907731725
INFO:root:31907711633
INFO:root:31907702120
INFO:root:31907777345
INFO:root:31907801255
INFO:root:31907749770
INFO:root:31907767646
INFO:root:31907771435
INFO:root:31907709984
INFO:root:31907632501
INFO:root:31907751852
INFO:root:31907748205
INFO:root:31907748210
INFO:root:31907738438
INFO:root:31907756438
INFO:root:31907756443
INFO:root:31907715419
INFO:root:31907781082
INFO:root:31907722008
INFO:root:31907776826
INFO:root:31907690346
INFO:root:31907701494
INFO:root:31907653084
INFO:root:31907714045
INFO:root:31907732499
INFO:root:31907728666
INFO:root:31907721622
INFO:root:31907765274
INFO:root:31907717184
INFO:root:31907700981
INFO:root:31907698284
INFO:root:31907657243
INFO:root:31907644478
INFO:root:31907626611
INFO:root:31907738477
INFO:root:31907689385
INFO:root:31907689333
INFO:root:31907681680
INFO:root:31907614784
INFO:root:31907663599
INFO:root:31907632069
INFO:root:31907619124
INFO:root:31907626374
INFO:root:31907619295
INFO:root:31907619047
INFO:root:31907714117
INFO:root:31907702528
INFO:root:31907648279
INFO:root:31907648190
INFO:root:31907648102
INFO:root:31907640662
INFO:root:31907629856
INFO:root:31907631607
INFO:root:31907680841
INFO:root:31907678446
INFO:root:31907629668
INFO:root:31907626814
INFO:root:31907626707
INFO:root:31907569565
INFO:root:31907617743
INFO:root:31907617916
INFO:root:31907651422
INFO:root:31907651486
INFO:root:31907584210
INFO:root:31907584248
INFO:root:31907584215
INFO:root:31907584024
INFO:root:31907584092
INFO:root:31907584169
INFO:root:31907595727
INFO:root:31907607632
INFO:root:31907571069
INFO:root:31907599026
INFO:root:31907554461
INFO:root:31907535099
INFO:root:31907586809
INFO:root:31907581692
INFO:root:31907638899
INFO:root:31907576609
INFO:root:31907787979
INFO:root:31907809971
INFO:root:31907817897
INFO:root:31907817867
INFO:root:31907842760
INFO:root:31907789054
INFO:root:31907788906
INFO:root:31907837690
INFO:root:31907786321
INFO:root:31907762934
INFO:root:31907781493
INFO:root:31907824135
INFO:root:31907759085
INFO:root:31907771507
INFO:root:31907763036
INFO:root:31907782150
INFO:root:31907813874
INFO:root:31907759087
INFO:root:31907717315
INFO:root:31907710624
INFO:root:31907622424
INFO:root:31907731725
INFO:root:31907711633
INFO:root:31907702120
INFO:root:31907777345
INFO:root:31907801255
INFO:root:31907749770
INFO:root:31907767646
INFO:root:31907771435
INFO:root:31907709984
INFO:root:31907632501
INFO:root:31907751852
INFO:root:31907748205
INFO:root:31907748210
INFO:root:31907738438
INFO:root:31907756438
INFO:root:31907756443
INFO:root:31907715419
INFO:root:31907781082
INFO:root:31907722008
INFO:root:31907776826
INFO:root:31907690346
INFO:root:31907701494
INFO:root:31907653084
INFO:root:31907714045
INFO:root:31907732499
INFO:root:31907728666
INFO:root:31907721622
INFO:root:31907765274
INFO:root:31907717184
INFO:root:31907700981
INFO:root:31907698284
INFO:root:31907657243
INFO:root:31907644478
INFO:root:31907626611
INFO:root:31907738477
INFO:root:31907689385
INFO:root:31907689333
INFO:root:31907681680
INFO:root:31907614784
INFO:root:31907663599
INFO:root:31907632069
INFO:root:31907619124
INFO:root:31907626374
INFO:root:31907619295
INFO:root:31907619047
INFO:root:31907714117
INFO:root:31907702528
INFO:root:31907648279
INFO:root:31907648190
INFO:root:31907648102
INFO:root:31907640662
INFO:root:31907629856
INFO:root:31907631607
INFO:root:31907680841
INFO:root:31907678446
INFO:root:31907629668
INFO:root:31907626814
INFO:root:31907626707
INFO:root:31907569565
INFO:root:31907617743
INFO:root:31907617916
INFO:root:31907651422
INFO:root:31907651486
INFO:root:31907584210
INFO:root:31907584248
INFO:root:31907584215
INFO:root:31907584024
INFO:root:31907584092
INFO:root:31907584169
INFO:root:31907595727
INFO:root:31907607632
INFO:root:31907571069
INFO:root:31907599026
INFO:root:31907554461
INFO:root:31907535099
INFO:root:31907586809
INFO:root:31907581692
INFO:root:31907638899
INFO:root:31907576609
